2020-04-30 17:35:16.1265|INFO|Microsoft.Hosting.Lifetime|Now listening on: http://localhost:5000
2020-04-30 17:35:16.1644|INFO|Microsoft.Hosting.Lifetime|Now listening on: https://localhost:5001
2020-04-30 17:35:16.1697|INFO|Microsoft.Hosting.Lifetime|Application started. Press Ctrl+C to shut down.
2020-04-30 17:35:16.1709|INFO|Microsoft.Hosting.Lifetime|Hosting environment: Development
2020-04-30 17:35:16.1719|INFO|Microsoft.Hosting.Lifetime|Content root path: /home/mrmlabs/Sam_Workspace/MovieManagement
2020-04-30 17:35:34.8234|ERROR|Microsoft.AspNetCore.Diagnostics.DeveloperExceptionPageMiddleware|An unhandled exception has occurred while executing the request.
2020-04-30 17:36:49.4078|INFO|Microsoft.Hosting.Lifetime|Application is shutting down...
2020-04-30 17:37:00.3226|INFO|Microsoft.Hosting.Lifetime|Now listening on: http://localhost:5000
2020-04-30 17:37:00.3513|INFO|Microsoft.Hosting.Lifetime|Now listening on: https://localhost:5001
2020-04-30 17:37:00.3543|INFO|Microsoft.Hosting.Lifetime|Application started. Press Ctrl+C to shut down.
2020-04-30 17:37:00.3543|INFO|Microsoft.Hosting.Lifetime|Hosting environment: Development
2020-04-30 17:37:00.3543|INFO|Microsoft.Hosting.Lifetime|Content root path: /home/mrmlabs/Sam_Workspace/MovieManagement
2020-04-30 17:41:24.2536|WARN|Microsoft.AspNetCore.Identity.UserManager|User 7466e7c1-2e2d-4c33-b943-a015ed3d223b password validation failed: PasswordRequiresNonAlphanumeric.
2020-04-30 17:41:46.8517|WARN|MovieManagement.Controllers.AccountController|Please click on a link for emailconfirmationhttps://localhost:5001/Account/ConfirmEmail?userId=48ba5379-2f88-497d-9fe3-8413be9fbce0&token=CfDJ8CuRpi4r4SNPljk60PAK3VZu2L0tdg5L%2BoyjIoekzDhSifQ1%2F9486EzypbuokxdCpfiKfDEIrG%2FIAzvEVL0I6Wl9ucrOZHRF5Yei19q5Xy8Ey1jqRKnxs9w6QRzK4tQTZ%2B%2Bgeal9fmJ2d0H6B6PMr4wEk4WBHtsgz6uIrsg4n%2FRlBX9Xkc0Ha%2B70RmZHCupVd1%2FH0uc7tMkjtplA4r3fUv7hNtQscx0xjZE9fl%2BckPeIahwKS9XMRxG9mFnXBJBuvQ%3D%3D
2020-04-30 17:48:59.4569|INFO|Microsoft.Hosting.Lifetime|Application is shutting down...
2020-04-30 17:52:56.8501|INFO|Microsoft.Hosting.Lifetime|Now listening on: http://localhost:5000
2020-04-30 17:52:56.8801|INFO|Microsoft.Hosting.Lifetime|Now listening on: https://localhost:5001
2020-04-30 17:52:56.8813|INFO|Microsoft.Hosting.Lifetime|Application started. Press Ctrl+C to shut down.
2020-04-30 17:52:56.8813|INFO|Microsoft.Hosting.Lifetime|Hosting environment: Development
2020-04-30 17:52:56.8813|INFO|Microsoft.Hosting.Lifetime|Content root path: /home/mrmlabs/Sam_Workspace/MovieManagement
2020-04-30 17:56:02.5066|WARN|MovieManagement.Controllers.AccountController|Please click on a link for emailconfirmation:   https://localhost:5001/Account/ConfirmEmail?userId=48361328-fa23-479c-af3e-edc148710377&token=CfDJ8CuRpi4r4SNPljk60PAK3VaPxY3iyWOrrlnHYDqDZy6F7G4iblD2JQh%2FWDE%2BB4ISXQ2FH%2BPiPOa8%2BFaPUKrdKkIQwztMR%2F%2Bfqzh%2BmG1Q6KFe0Z7pD9%2FDMEZvNvMSoXmb33Vr%2FyTcM%2F%2FOx5cspL3YqoXfjmSilcKVlC7yNoZz3e%2FGcHDeloz9Ixs7ApcK2IOOEN0trWdfEq5SDH%2FX632dSc3dHCL%2FGCsDePwMECisATtg5tSOF2%2Bz23QIvu63Bd5wCg%3D%3D
2020-04-30 17:58:36.2570|INFO|Microsoft.Hosting.Lifetime|Application is shutting down...
2020-04-30 18:00:04.9034|INFO|Microsoft.Hosting.Lifetime|Now listening on: http://localhost:5000
2020-04-30 18:00:04.9755|INFO|Microsoft.Hosting.Lifetime|Now listening on: https://localhost:5001
2020-04-30 18:00:04.9822|INFO|Microsoft.Hosting.Lifetime|Application started. Press Ctrl+C to shut down.
2020-04-30 18:00:04.9878|INFO|Microsoft.Hosting.Lifetime|Hosting environment: Development
2020-04-30 18:00:04.9944|INFO|Microsoft.Hosting.Lifetime|Content root path: /home/mrmlabs/Sam_Workspace/MovieManagement
2020-04-30 18:02:17.5429|WARN|MovieManagement.Controllers.AccountController|Please click on a link for emailconfirmation:   https://localhost:5001/Account/ConfirmEmail?userId=052c77f4-3994-4591-8796-53dce27e649e&token=CfDJ8CuRpi4r4SNPljk60PAK3VYLT0ZbHo8OseL0mdr07GvwYCyg0JzsgLUyw%2BODgk7ZlT4BCmt%2F5RN5DoZ15o47EIQzkJJHhUON9bf52L7S4RoS7T7OT38PYocA7hI0nopkDCDH%2Fayn7dIbuptVQ1HfFtBpeEuROxtT6F1OnsFvRHh%2FDrisWmSRD2mgx7oU7i%2Flfk5dHSkFVD7dFQOakrUR0CbGeJf0k5ApzLgEkgsuUFXK5bVry2YndXRynC5M%2FjgOkQ%3D%3D
2020-04-30 18:04:22.0533|INFO|Microsoft.Hosting.Lifetime|Now listening on: http://localhost:5000
2020-04-30 18:04:22.0844|INFO|Microsoft.Hosting.Lifetime|Now listening on: https://localhost:5001
2020-04-30 18:04:22.0865|INFO|Microsoft.Hosting.Lifetime|Application started. Press Ctrl+C to shut down.
2020-04-30 18:04:22.0865|INFO|Microsoft.Hosting.Lifetime|Hosting environment: Development
2020-04-30 18:04:22.0865|INFO|Microsoft.Hosting.Lifetime|Content root path: /home/mrmlabs/Sam_Workspace/MovieManagement
2020-04-30 18:04:59.8536|ERROR|Microsoft.AspNetCore.Diagnostics.DeveloperExceptionPageMiddleware|An unhandled exception has occurred while executing the request.
2020-04-30 18:06:00.0938|FATAL|Microsoft.AspNetCore.Server.Kestrel|Unable to start Kestrel.
2020-04-30 18:06:21.5012|INFO|Microsoft.Hosting.Lifetime|Application is shutting down...
2020-04-30 18:06:37.1516|INFO|Microsoft.Hosting.Lifetime|Now listening on: http://localhost:5000
2020-04-30 18:06:37.2063|INFO|Microsoft.Hosting.Lifetime|Now listening on: https://localhost:5001
2020-04-30 18:06:37.2155|INFO|Microsoft.Hosting.Lifetime|Application started. Press Ctrl+C to shut down.
2020-04-30 18:06:37.2212|INFO|Microsoft.Hosting.Lifetime|Hosting environment: Development
2020-04-30 18:06:37.2273|INFO|Microsoft.Hosting.Lifetime|Content root path: /home/mrmlabs/Sam_Workspace/MovieManagement
2020-04-30 18:13:22.5919|INFO|Microsoft.Hosting.Lifetime|Now listening on: http://localhost:5000
2020-04-30 18:13:22.6588|INFO|Microsoft.Hosting.Lifetime|Now listening on: https://localhost:5001
2020-04-30 18:13:22.6716|INFO|Microsoft.Hosting.Lifetime|Application started. Press Ctrl+C to shut down.
2020-04-30 18:13:22.6804|INFO|Microsoft.Hosting.Lifetime|Hosting environment: Development
2020-04-30 18:13:22.6850|INFO|Microsoft.Hosting.Lifetime|Content root path: /home/mrmlabs/Sam_Workspace/MovieManagement
2020-04-30 18:57:26.1008|WARN|MovieManagement.Controllers.AccountController|Please click on a link for emailconfirmation:   https://localhost:5001/Account/ConfirmEmail?userId=abab0e1f-ec4d-456f-b1e0-e34d438e1147&token=CfDJ8CuRpi4r4SNPljk60PAK3Va7blZnoq8AsQQcC%2BMRzvjixngkRwpZ3Ey%2BtzxXWacA8G3YxvyU%2ByKOypPPjUzxElY2vyebF2uHaHKpjut9hWuB6oS5OWxW3MSIvf7G2OYHSN4IHTwwif%2Fq663lDtKVQ9q1B0YYnOrm0cdhcxrU5l76%2BuwLu%2FrEtTILMh7piP1%2FC3GhSBupTtQ%2Bshj1yGB9oDoucgARO6jAqzcPmtqcKu3WHiAcsGPalDWQTwLLJLuEFg%3D%3D
2020-04-30 18:58:50.7519|ERROR|Microsoft.AspNetCore.Diagnostics.DeveloperExceptionPageMiddleware|An unhandled exception has occurred while executing the request.
2020-04-30 19:03:05.7014|INFO|Microsoft.Hosting.Lifetime|Now listening on: http://localhost:5000
2020-04-30 19:03:05.7342|INFO|Microsoft.Hosting.Lifetime|Now listening on: https://localhost:5001
2020-04-30 19:03:05.7361|INFO|Microsoft.Hosting.Lifetime|Application started. Press Ctrl+C to shut down.
2020-04-30 19:03:05.7361|INFO|Microsoft.Hosting.Lifetime|Hosting environment: Development
2020-04-30 19:03:05.7361|INFO|Microsoft.Hosting.Lifetime|Content root path: /home/mrmlabs/Sam_Workspace/MovieManagement
2020-04-30 19:05:09.9001|INFO|Microsoft.Hosting.Lifetime|Application is shutting down...
2020-04-30 19:19:45.3328|INFO|Microsoft.Hosting.Lifetime|Now listening on: http://localhost:5000
2020-04-30 19:19:45.3684|INFO|Microsoft.Hosting.Lifetime|Now listening on: https://localhost:5001
2020-04-30 19:19:45.3696|INFO|Microsoft.Hosting.Lifetime|Application started. Press Ctrl+C to shut down.
2020-04-30 19:19:45.3696|INFO|Microsoft.Hosting.Lifetime|Hosting environment: Development
2020-04-30 19:19:45.3696|INFO|Microsoft.Hosting.Lifetime|Content root path: /home/mrmlabs/Sam_Workspace/MovieManagement
2020-04-30 19:20:09.1758|WARN|MovieManagement.Controllers.AccountController|in login now
2020-04-30 19:21:44.4381|INFO|Microsoft.Hosting.Lifetime|Application is shutting down...
2020-04-30 19:26:02.3169||INFO|Microsoft.Hosting.Lifetime|Now listening on: http://localhost:5000 
2020-04-30 19:26:02.3514||INFO|Microsoft.Hosting.Lifetime|Now listening on: https://localhost:5001 
2020-04-30 19:26:02.3536||INFO|Microsoft.Hosting.Lifetime|Application started. Press Ctrl+C to shut down. 
2020-04-30 19:26:02.3541||INFO|Microsoft.Hosting.Lifetime|Hosting environment: Development 
2020-04-30 19:26:02.3541||INFO|Microsoft.Hosting.Lifetime|Content root path: /home/mrmlabs/Sam_Workspace/MovieManagement 
2020-04-30 19:26:15.4474||WARN|MovieManagement.Controllers.AccountController|in login now 
2020-04-30 19:27:43.0163||INFO|Microsoft.Hosting.Lifetime|Application is shutting down... 
2020-04-30 19:31:04.0602||INFO|Microsoft.Hosting.Lifetime|Now listening on: http://localhost:5000 
2020-04-30 19:31:04.1392||INFO|Microsoft.Hosting.Lifetime|Now listening on: https://localhost:5001 
2020-04-30 19:31:04.1409||INFO|Microsoft.Hosting.Lifetime|Application started. Press Ctrl+C to shut down. 
2020-04-30 19:31:04.1412||INFO|Microsoft.Hosting.Lifetime|Hosting environment: Development 
2020-04-30 19:31:04.1412||INFO|Microsoft.Hosting.Lifetime|Content root path: /home/mrmlabs/Sam_Workspace/MovieManagement 
2020-04-30 19:31:09.2829||WARN|MovieManagement.Controllers.AccountController|in login now 
2020-04-30 19:31:47.4470||INFO|Microsoft.Hosting.Lifetime|Application is shutting down... 
